2010-12-31 13:15:47 Warning: Warning (2): Invalid argument supplied for foreach() in [/var/www/development/cake_powered/app/views/posts/view.ctp, line 10]
2010-12-31 13:53:21 Warning: Warning (512): <span style="color:Red;text-align:left"><b>SQL Error:</b> 1048: Column 'post_id' cannot be null</span> in [/var/www/development/cake_powered/cake/libs/model/datasources/dbo_source.php, line 684]
2010-12-31 13:54:46 Warning: Warning (512): <span style="color:Red;text-align:left"><b>SQL Error:</b> 1048: Column 'post_id' cannot be null</span> in [/var/www/development/cake_powered/cake/libs/model/datasources/dbo_source.php, line 684]
2010-12-31 13:54:57 Warning: Warning (512): <span style="color:Red;text-align:left"><b>SQL Error:</b> 1048: Column 'post_id' cannot be null</span> in [/var/www/development/cake_powered/cake/libs/model/datasources/dbo_source.php, line 684]
2010-12-31 13:56:36 Warning: Warning (512): <span style="color:Red;text-align:left"><b>SQL Error:</b> 1048: Column 'post_id' cannot be null</span> in [/var/www/development/cake_powered/cake/libs/model/datasources/dbo_source.php, line 684]
2011-01-01 14:28:57 Warning: Warning (512): <span style="color:Red;text-align:left"><b>SQL Error:</b> 1054: Unknown column 'Comment.created' in 'order clause'</span> in [/var/www/development/cake_powered/cake/libs/model/datasources/dbo_source.php, line 684]
2011-01-01 14:29:25 Warning: Warning (512): <span style="color:Red;text-align:left"><b>SQL Error:</b> 1054: Unknown column 'comments.created' in 'order clause'</span> in [/var/www/development/cake_powered/cake/libs/model/datasources/dbo_source.php, line 684]
2011-01-01 14:29:42 Warning: Warning (512): <span style="color:Red;text-align:left"><b>SQL Error:</b> 1054: Unknown column 'Comment.created' in 'order clause'</span> in [/var/www/development/cake_powered/cake/libs/model/datasources/dbo_source.php, line 684]
2011-01-01 14:29:47 Warning: Warning (512): <span style="color:Red;text-align:left"><b>SQL Error:</b> 1054: Unknown column 'created' in 'order clause'</span> in [/var/www/development/cake_powered/cake/libs/model/datasources/dbo_source.php, line 684]
2011-01-01 23:53:32 Warning: Warning (2): Missing argument 1 for HtmlHelper::css(), called in /var/www/development/cake_powered/app/views/posts/index.ctp on line 1 and defined in [/var/www/development/cake_powered/cake/libs/view/helpers/html.php, line 336]
2011-01-01 23:53:59 Warning: Warning (2): Missing argument 1 for HtmlHelper::css(), called in /var/www/development/cake_powered/app/views/posts/index.ctp on line 1 and defined in [/var/www/development/cake_powered/cake/libs/view/helpers/html.php, line 336]
2011-01-02 12:46:49 Warning: Warning (512): <span style="color:Red;text-align:left"><b>SQL Error:</b> 1054: Unknown column 'Comment.created' in 'order clause'</span> in [/var/www/development/cake_powered/cake/libs/model/datasources/dbo_source.php, line 684]
2011-01-02 12:46:49 Warning: Warning (2): Invalid argument supplied for foreach() in [/var/www/development/cake_powered/app/views/posts/index.ctp, line 12]
2011-01-02 12:50:27 Warning: Warning (2): Missing argument 1 for PostsController::view() in [/var/www/development/cake_powered/app/controllers/posts_controller.php, line 18]
2011-01-02 14:51:28 Warning: Warning (2): Invalid argument supplied for foreach() in [/var/www/development/cake_powered/app/views/posts/index.ctp, line 18]
2011-01-02 14:52:03 Warning: Warning (2): Invalid argument supplied for foreach() in [/var/www/development/cake_powered/app/views/posts/index.ctp, line 18]
2011-01-02 15:26:21 Warning: Warning (2): Missing argument 1 for Controller::redirect(), called in /var/www/development/cake_powered/app/controllers/posts_controller.php on line 9 and defined in [/var/www/development/cake_powered/cake/libs/controller/controller.php, line 676]
2011-01-06 00:20:42 Warning: Warning (2): preg_match() [http://php.net/function.preg-match]: Delimiter must not be alphanumeric or backslash in [/var/www/development/cake_powered/cake/libs/model/model.php, line 2611]
2011-01-06 00:21:03 Warning: Warning (2): preg_match() [http://php.net/function.preg-match]: Empty regular expression in [/var/www/development/cake_powered/cake/libs/model/model.php, line 2611]
2011-01-06 00:21:39 Warning: Warning (2): preg_match() [http://php.net/function.preg-match]: No ending delimiter '*' found in [/var/www/development/cake_powered/cake/libs/model/model.php, line 2611]
2011-01-06 00:23:53 Warning: Warning (2): preg_match() [http://php.net/function.preg-match]: Delimiter must not be alphanumeric or backslash in [/var/www/development/cake_powered/cake/libs/model/model.php, line 2611]
2011-01-06 00:24:07 Warning: Warning (2): preg_match() [http://php.net/function.preg-match]: Delimiter must not be alphanumeric or backslash in [/var/www/development/cake_powered/cake/libs/model/model.php, line 2611]
2011-01-06 00:24:53 Warning: Warning (2): preg_match() [http://php.net/function.preg-match]: Empty regular expression in [/var/www/development/cake_powered/cake/libs/model/model.php, line 2611]
2011-01-21 20:54:03 Warning: Warning (2): Missing argument 1 for PostsController::view() in [/var/www/development/cake_powered/app/controllers/posts_controller.php, line 27]
2011-01-21 21:03:11 Warning: Warning (2): Missing argument 1 for PostsController::view() in [/var/www/development/cake_powered/app/controllers/posts_controller.php, line 27]
2011-01-21 21:06:10 Warning: Warning (2): Missing argument 1 for PostsController::view() in [/var/www/development/cake_powered/app/controllers/posts_controller.php, line 27]
2011-01-30 16:42:49 Warning: Warning (512): Method HtmlHelper::flash does not exist in [/var/www/development/cake_powered/cake/libs/view/helper.php, line 154]
2011-01-30 18:02:18 Warning: Warning (2): Missing argument 1 for PostsController::view() in [/var/www/development/cake_powered/app/controllers/posts_controller.php, line 26]
2011-01-30 18:02:18 Warning: Warning (2): preg_match() [http://php.net/function.preg-match]: Compilation failed: nothing to repeat at offset 0 in [/var/www/development/cake_powered/cake/libs/model/model.php, line 2611]
2011-01-30 18:03:44 Warning: Warning (2): Missing argument 1 for PostsController::view() in [/var/www/development/cake_powered/app/controllers/posts_controller.php, line 26]
2011-01-30 18:03:44 Warning: Warning (2): preg_match() [http://php.net/function.preg-match]: Compilation failed: nothing to repeat at offset 0 in [/var/www/development/cake_powered/cake/libs/model/model.php, line 2611]
2011-01-30 18:04:27 Warning: Warning (2): preg_match() [http://php.net/function.preg-match]: Compilation failed: nothing to repeat at offset 0 in [/var/www/development/cake_powered/cake/libs/model/model.php, line 2611]
2011-01-30 18:04:43 Warning: Warning (2): preg_match() [http://php.net/function.preg-match]: Compilation failed: nothing to repeat at offset 0 in [/var/www/development/cake_powered/cake/libs/model/model.php, line 2611]
2011-01-30 18:04:45 Warning: Warning (2): preg_match() [http://php.net/function.preg-match]: Compilation failed: nothing to repeat at offset 0 in [/var/www/development/cake_powered/cake/libs/model/model.php, line 2611]
2011-01-30 18:04:47 Warning: Warning (2): preg_match() [http://php.net/function.preg-match]: Compilation failed: nothing to repeat at offset 0 in [/var/www/development/cake_powered/cake/libs/model/model.php, line 2611]
2011-01-30 18:04:47 Warning: Warning (2): preg_match() [http://php.net/function.preg-match]: Compilation failed: nothing to repeat at offset 0 in [/var/www/development/cake_powered/cake/libs/model/model.php, line 2611]
2011-01-30 18:05:00 Warning: Warning (2): preg_match() [http://php.net/function.preg-match]: Compilation failed: nothing to repeat at offset 0 in [/var/www/development/cake_powered/cake/libs/model/model.php, line 2611]
